c:\users\akum1108\downloads\mehul\debug\vc141.pdb
c:\users\akum1108\downloads\mehul\debug\vc141.idb
c:\users\akum1108\downloads\mehul\debug\user.obj
c:\users\akum1108\downloads\mehul\debug\updateprofile.obj
c:\users\akum1108\downloads\mehul\debug\source.obj
c:\users\akum1108\downloads\mehul\debug\managecardetails.obj
c:\users\akum1108\downloads\mehul\debug\chauffeur.obj
c:\users\akum1108\downloads\mehul\debug\checkcabdriverdetails.obj
c:\users\akum1108\downloads\mehul\debug\scheduletrip.obj
c:\users\akum1108\downloads\mehul\debug\project2.exe
c:\users\akum1108\downloads\mehul\debug\project2.ilk
c:\users\akum1108\downloads\mehul\debug\project2.pdb
c:\users\akum1108\downloads\mehul\debug\project2.tlog\cl.command.1.tlog
c:\users\akum1108\downloads\mehul\debug\project2.tlog\cl.read.1.tlog
c:\users\akum1108\downloads\mehul\debug\project2.tlog\cl.write.1.tlog
c:\users\akum1108\downloads\mehul\debug\project2.tlog\link-cvtres.read.1.tlog
c:\users\akum1108\downloads\mehul\debug\project2.tlog\link-cvtres.write.1.tlog
c:\users\akum1108\downloads\mehul\debug\project2.tlog\link-rc.read.1.tlog
c:\users\akum1108\downloads\mehul\debug\project2.tlog\link-rc.write.1.tlog
c:\users\akum1108\downloads\mehul\debug\project2.tlog\link.12816-cvtres.read.1.tlog
c:\users\akum1108\downloads\mehul\debug\project2.tlog\link.12816-cvtres.write.1.tlog
c:\users\akum1108\downloads\mehul\debug\project2.tlog\link.12816-rc.read.1.tlog
c:\users\akum1108\downloads\mehul\debug\project2.tlog\link.12816-rc.write.1.tlog
c:\users\akum1108\downloads\mehul\debug\project2.tlog\link.12816.read.1.tlog
c:\users\akum1108\downloads\mehul\debug\project2.tlog\link.12816.write.1.tlog
c:\users\akum1108\downloads\mehul\debug\project2.tlog\link.command.1.tlog
c:\users\akum1108\downloads\mehul\debug\project2.tlog\link.read.1.tlog
c:\users\akum1108\downloads\mehul\debug\project2.tlog\link.write.1.tlog
